INFO:eliza:Loading files...
INFO:eliza:Succes
INFO:eliza:Session du 2023/7/7 16:54:42
DEBUG:eliza:After punctuation cleanup: I was arrest for a crime , that i didn't commit
DEBUG:eliza:Input: ['I', 'was', 'arrest', 'for', 'a', 'crime', ',', 'that', 'i', "didn't", 'commit']
DEBUG:eliza:After pre-substitution: ['I', 'was', 'arrest', 'for', 'a', 'crime', ',', 'that', 'i', "didn't", 'commit']
INFO:eliza:[('was', 2.0), ('i', 1.0), ('what', 0.881), ('because', 0.749), ('no', 0.721)]
DEBUG:eliza:[<eliza.Key object at 0x00000244FF1CFE20>, <eliza.Key object at 0x00000244FF1CFFA0>, <eliza.Key object at 0x00000244FFDD8AC0>, <eliza.Key object at 0x00000244FFDD8B80>, <eliza.Key object at 0x00000244FFDD8760>]
DEBUG:eliza:parts : ['*', '@was', '@i', '*'] | words : ['I', 'was', 'arrest', 'for', 'a', 'crime', ',', 'that', 'i', "didn't", 'commit'] | results : []
DEBUG:eliza:11
DEBUG:eliza:parts : ['@was', '@i', '*'] | words : [] | results : [['I', 'was', 'arrest', 'for', 'a', 'crime', ',', 'that', 'i', "didn't", 'commit']]
DEBUG:eliza:10
DEBUG:eliza:parts : ['@was', '@i', '*'] | words : ['commit'] | results : [['I', 'was', 'arrest', 'for', 'a', 'crime', ',', 'that', 'i', "didn't"]]
DEBUG:eliza:9
DEBUG:eliza:parts : ['@was', '@i', '*'] | words : ["didn't", 'commit'] | results : [['I', 'was', 'arrest', 'for', 'a', 'crime', ',', 'that', 'i']]
DEBUG:eliza:8
DEBUG:eliza:parts : ['@was', '@i', '*'] | words : ['i', "didn't", 'commit'] | results : [['I', 'was', 'arrest', 'for', 'a', 'crime', ',', 'that']]
DEBUG:eliza:7
DEBUG:eliza:parts : ['@was', '@i', '*'] | words : ['that', 'i', "didn't", 'commit'] | results : [['I', 'was', 'arrest', 'for', 'a', 'crime', ',']]
DEBUG:eliza:parts : ['@i', '*'] | words : ['i', "didn't", 'commit'] | results : [['I', 'was', 'arrest', 'for', 'a', 'crime', ','], ['that']]
DEBUG:eliza:parts : ['*'] | words : ["didn't", 'commit'] | results : [['I', 'was', 'arrest', 'for', 'a', 'crime', ','], ['that'], ['i']]
DEBUG:eliza:2
DEBUG:eliza:parts : [] | words : [] | results : [['I', 'was', 'arrest', 'for', 'a', 'crime', ','], ['that'], ['i'], ["didn't", 'commit']]
DEBUG:eliza:Decomp matched: ['*', '@was', '@i', '*']
DEBUG:eliza:Decomp results: [['I', 'was', 'arrest', 'for', 'a', 'crime', ','], ['that'], ['i'], ["didn't", 'commit']]
DEBUG:eliza:Decomp results after posts: [['you', 'was', 'arrest', 'for', 'a', 'crime', ','], ['that'], ['you'], ["didn't", 'commit']]
DEBUG:eliza:index : 0 | result : ['What', 'if', 'you', 'were', '(4)', '?'] | index % len(decomp.reasmbs) : 0
DEBUG:eliza:Using reassembly: ['What', 'if', 'you', 'were', '(4)', '?']
DEBUG:eliza:['What', 'if', 'you', 'were', '(4)', '?'] | [['you', 'was', 'arrest', 'for', 'a', 'crime', ','], ['that'], ['you'], ["didn't", 'commit']]
INFO:eliza:Decomp matched: ['*', '@was', '@i', '*']
INFO:eliza:Reasmb match : ['What', 'if', 'you', 'were', '(4)', '?']
DEBUG:eliza:Output from key: ['What', 'if', 'you', 'were', "didn't", 'commit', '?']
DEBUG:eliza:After punctuation cleanup: yes , they thought that i killed the guy , but i just hid the body undergroung after torturing him , he die by himself . 
DEBUG:eliza:Input: ['yes', ',', 'they', 'thought', 'that', 'i', 'killed', 'the', 'guy', ',', 'but', 'i', 'just', 'hid', 'the', 'body', 'undergroung', 'after', 'torturing', 'him', ',', 'he', 'die', 'by', 'himself', '.']
DEBUG:eliza:After pre-substitution: ['yes', ',', 'they', 'thought', 'that', 'i', 'killed', 'the', 'guy', ',', 'but', 'i', 'just', 'hid', 'the', 'body', 'undergroung', 'after', 'torturing', 'him', ',', 'he', 'die', 'by', 'himself', '.']
INFO:eliza:[('if', 2.195), ('was', 1.7), ('everybody', 1.415), ('yes', 1.0), ('i', 1.0), ('what', 0.881), ('why', 0.875), ('are', 0.85), ('you', 0.839), ('because', 0.719)]
DEBUG:eliza:[<eliza.Key object at 0x00000244FF1CF220>, <eliza.Key object at 0x00000244FF1CFE20>, <eliza.Key object at 0x00000244FFDD8E80>, <eliza.Key object at 0x00000244FFDD86A0>, <eliza.Key object at 0x00000244FF1CFFA0>, <eliza.Key object at 0x00000244FFDD8AC0>, <eliza.Key object at 0x00000244FFDD8C40>, <eliza.Key object at 0x00000244FF1CFC40>, <eliza.Key object at 0x00000244FFDD84C0>, <eliza.Key object at 0x00000244FFDD8B80>]
DEBUG:eliza:parts : ['*', '@if', '*'] | words : ['yes', ',', 'they', 'thought', 'that', 'i', 'killed', 'the', 'guy', ',', 'but', 'i', 'just', 'hid', 'the', 'body', 'undergroung', 'after', 'torturing', 'him', ',', 'he', 'die', 'by', 'himself', '.'] | results : []
DEBUG:eliza:26
DEBUG:eliza:parts : ['@if', '*'] | words : [] | results : [['yes', ',', 'they', 'thought', 'that', 'i', 'killed', 'the', 'guy', ',', 'but', 'i', 'just', 'hid', 'the', 'body', 'undergroung', 'after', 'torturing', 'him', ',', 'he', 'die', 'by', 'himself', '.']]
DEBUG:eliza:25
DEBUG:eliza:parts : ['@if', '*'] | words : ['.'] | results : [['yes', ',', 'they', 'thought', 'that', 'i', 'killed', 'the', 'guy', ',', 'but', 'i', 'just', 'hid', 'the', 'body', 'undergroung', 'after', 'torturing', 'him', ',', 'he', 'die', 'by', 'himself']]
DEBUG:eliza:24
DEBUG:eliza:parts : ['@if', '*'] | words : ['himself', '.'] | results : [['yes', ',', 'they', 'thought', 'that', 'i', 'killed', 'the', 'guy', ',', 'but', 'i', 'just', 'hid', 'the', 'body', 'undergroung', 'after', 'torturing', 'him', ',', 'he', 'die', 'by']]
DEBUG:eliza:23
DEBUG:eliza:parts : ['@if', '*'] | words : ['by', 'himself', '.'] | results : [['yes', ',', 'they', 'thought', 'that', 'i', 'killed', 'the', 'guy', ',', 'but', 'i', 'just', 'hid', 'the', 'body', 'undergroung', 'after', 'torturing', 'him', ',', 'he', 'die']]
DEBUG:eliza:22
DEBUG:eliza:parts : ['@if', '*'] | words : ['die', 'by', 'himself', '.'] | results : [['yes', ',', 'they', 'thought', 'that', 'i', 'killed', 'the', 'guy', ',', 'but', 'i', 'just', 'hid', 'the', 'body', 'undergroung', 'after', 'torturing', 'him', ',', 'he']]
DEBUG:eliza:21
DEBUG:eliza:parts : ['@if', '*'] | words : ['he', 'die', 'by', 'himself', '.'] | results : [['yes', ',', 'they', 'thought', 'that', 'i', 'killed', 'the', 'guy', ',', 'but', 'i', 'just', 'hid', 'the', 'body', 'undergroung', 'after', 'torturing', 'him', ',']]
DEBUG:eliza:parts : ['*'] | words : ['die', 'by', 'himself', '.'] | results : [['yes', ',', 'they', 'thought', 'that', 'i', 'killed', 'the', 'guy', ',', 'but', 'i', 'just', 'hid', 'the', 'body', 'undergroung', 'after', 'torturing', 'him', ','], ['he']]
DEBUG:eliza:4
DEBUG:eliza:parts : [] | words : [] | results : [['yes', ',', 'they', 'thought', 'that', 'i', 'killed', 'the', 'guy', ',', 'but', 'i', 'just', 'hid', 'the', 'body', 'undergroung', 'after', 'torturing', 'him', ','], ['he'], ['die', 'by', 'himself', '.']]
DEBUG:eliza:Decomp matched: ['*', '@if', '*']
DEBUG:eliza:Decomp results: [['yes', ',', 'they', 'thought', 'that', 'i', 'killed', 'the', 'guy', ',', 'but', 'i', 'just', 'hid', 'the', 'body', 'undergroung', 'after', 'torturing', 'him', ','], ['he'], ['die', 'by', 'himself', '.']]
DEBUG:eliza:Decomp results after posts: [['yes', ',', 'they', 'thought', 'that', 'you', 'killed', 'the', 'guy', ',', 'but', 'you', 'just', 'hid', 'the', 'body', 'undergroung', 'after', 'torturing', 'him', ','], ['he'], ['die', 'by', 'himself', '.']]
DEBUG:eliza:index : 0 | result : ['Do', 'you', 'think', 'its', 'likely', 'that', '(3)', '?'] | index % len(decomp.reasmbs) : 0
DEBUG:eliza:Using reassembly: ['Do', 'you', 'think', 'its', 'likely', 'that', '(3)', '?']
DEBUG:eliza:['Do', 'you', 'think', 'its', 'likely', 'that', '(3)', '?'] | [['yes', ',', 'they', 'thought', 'that', 'you', 'killed', 'the', 'guy', ',', 'but', 'you', 'just', 'hid', 'the', 'body', 'undergroung', 'after', 'torturing', 'him', ','], ['he'], ['die', 'by', 'himself', '.']]
INFO:eliza:Decomp matched: ['*', '@if', '*']
INFO:eliza:Reasmb match : ['Do', 'you', 'think', 'its', 'likely', 'that', '(3)', '?']
DEBUG:eliza:Output from key: ['Do', 'you', 'think', 'its', 'likely', 'that', 'die', 'by', 'himself', '?']
DEBUG:eliza:After punctuation cleanup: Why not , it's not my fault , he was going to beat my cat , and no one else than me have the right to do this to my cat . 
DEBUG:eliza:Input: ['Why', 'not', ',', "it's", 'not', 'my', 'fault', ',', 'he', 'was', 'going', 'to', 'beat', 'my', 'cat', ',', 'and', 'no', 'one', 'else', 'than', 'me', 'have', 'the', 'right', 'to', 'do', 'this', 'to', 'my', 'cat', '.']
DEBUG:eliza:After pre-substitution: ['Why', 'not', ',', "it's", 'not', 'my', 'fault', ',', 'he', 'was', 'going', 'to', 'beat', 'my', 'cat', ',', 'and', 'no', 'one', 'else', 'than', 'me', 'have', 'the', 'right', 'to', 'do', 'this', 'to', 'my', 'cat', '.']
INFO:eliza:[('if', 2.324), ('my', 2.0), ('was', 2.0), ('everyone', 1.806), ('why', 1.0), ('you', 0.9), ('are', 0.878), ('what', 0.855), ('no', 0.809), ('can', 0.776), ('because', 0.776)]
DEBUG:eliza:[<eliza.Key object at 0x00000244FF1CF220>, <eliza.Key object at 0x00000244FFDD8820>, <eliza.Key object at 0x00000244FF1CFE20>, <eliza.Key object at 0x00000244FFDD8DC0>, <eliza.Key object at 0x00000244FFDD8C40>, <eliza.Key object at 0x00000244FFDD84C0>, <eliza.Key object at 0x00000244FF1CFC40>, <eliza.Key object at 0x00000244FFDD8AC0>, <eliza.Key object at 0x00000244FFDD8760>, <eliza.Key object at 0x00000244FFDD89A0>, <eliza.Key object at 0x00000244FFDD8B80>]
DEBUG:eliza:parts : ['*', '@if', '*'] | words : ['Why', 'not', ',', "it's", 'not', 'my', 'fault', ',', 'he', 'was', 'going', 'to', 'beat', 'my', 'cat', ',', 'and', 'no', 'one', 'else', 'than', 'me', 'have', 'the', 'right', 'to', 'do', 'this', 'to', 'my', 'cat', '.'] | results : []
DEBUG:eliza:32
DEBUG:eliza:parts : ['@if', '*'] | words : [] | results : [['Why', 'not', ',', "it's", 'not', 'my', 'fault', ',', 'he', 'was', 'going', 'to', 'beat', 'my', 'cat', ',', 'and', 'no', 'one', 'else', 'than', 'me', 'have', 'the', 'right', 'to', 'do', 'this', 'to', 'my', 'cat', '.']]
DEBUG:eliza:31
DEBUG:eliza:parts : ['@if', '*'] | words : ['.'] | results : [['Why', 'not', ',', "it's", 'not', 'my', 'fault', ',', 'he', 'was', 'going', 'to', 'beat', 'my', 'cat', ',', 'and', 'no', 'one', 'else', 'than', 'me', 'have', 'the', 'right', 'to', 'do', 'this', 'to', 'my', 'cat']]
DEBUG:eliza:30
DEBUG:eliza:parts : ['@if', '*'] | words : ['cat', '.'] | results : [['Why', 'not', ',', "it's", 'not', 'my', 'fault', ',', 'he', 'was', 'going', 'to', 'beat', 'my', 'cat', ',', 'and', 'no', 'one', 'else', 'than', 'me', 'have', 'the', 'right', 'to', 'do', 'this', 'to', 'my']]
DEBUG:eliza:29
DEBUG:eliza:parts : ['@if', '*'] | words : ['my', 'cat', '.'] | results : [['Why', 'not', ',', "it's", 'not', 'my', 'fault', ',', 'he', 'was', 'going', 'to', 'beat', 'my', 'cat', ',', 'and', 'no', 'one', 'else', 'than', 'me', 'have', 'the', 'right', 'to', 'do', 'this', 'to']]
DEBUG:eliza:28
DEBUG:eliza:parts : ['@if', '*'] | words : ['to', 'my', 'cat', '.'] | results : [['Why', 'not', ',', "it's", 'not', 'my', 'fault', ',', 'he', 'was', 'going', 'to', 'beat', 'my', 'cat', ',', 'and', 'no', 'one', 'else', 'than', 'me', 'have', 'the', 'right', 'to', 'do', 'this']]
DEBUG:eliza:parts : ['*'] | words : ['my', 'cat', '.'] | results : [['Why', 'not', ',', "it's", 'not', 'my', 'fault', ',', 'he', 'was', 'going', 'to', 'beat', 'my', 'cat', ',', 'and', 'no', 'one', 'else', 'than', 'me', 'have', 'the', 'right', 'to', 'do', 'this'], ['to']]
DEBUG:eliza:3
DEBUG:eliza:parts : [] | words : [] | results : [['Why', 'not', ',', "it's", 'not', 'my', 'fault', ',', 'he', 'was', 'going', 'to', 'beat', 'my', 'cat', ',', 'and', 'no', 'one', 'else', 'than', 'me', 'have', 'the', 'right', 'to', 'do', 'this'], ['to'], ['my', 'cat', '.']]
DEBUG:eliza:Decomp matched: ['*', '@if', '*']
DEBUG:eliza:Decomp results: [['Why', 'not', ',', "it's", 'not', 'my', 'fault', ',', 'he', 'was', 'going', 'to', 'beat', 'my', 'cat', ',', 'and', 'no', 'one', 'else', 'than', 'me', 'have', 'the', 'right', 'to', 'do', 'this'], ['to'], ['my', 'cat', '.']]
DEBUG:eliza:Decomp results after posts: [['Why', 'not', ',', "it's", 'not', 'your', 'fault', ',', 'he', 'was', 'going', 'to', 'beat', 'your', 'cat', ',', 'and', 'no', 'one', 'else', 'than', 'you', 'have', 'the', 'right', 'to', 'do', 'this'], ['to'], ['your', 'cat', '.']]
DEBUG:eliza:index : 1 | result : ['Do', 'you', 'wish', 'that', '(3)', '?'] | index % len(decomp.reasmbs) : 1
DEBUG:eliza:Using reassembly: ['Do', 'you', 'wish', 'that', '(3)', '?']
DEBUG:eliza:['Do', 'you', 'wish', 'that', '(3)', '?'] | [['Why', 'not', ',', "it's", 'not', 'your', 'fault', ',', 'he', 'was', 'going', 'to', 'beat', 'your', 'cat', ',', 'and', 'no', 'one', 'else', 'than', 'you', 'have', 'the', 'right', 'to', 'do', 'this'], ['to'], ['your', 'cat', '.']]
INFO:eliza:Decomp matched: ['*', '@if', '*']
INFO:eliza:Reasmb match : ['Do', 'you', 'wish', 'that', '(3)', '?']
DEBUG:eliza:Output from key: ['Do', 'you', 'wish', 'that', 'your', 'cat', '?']
DEBUG:eliza:After punctuation cleanup: His highness is called Erika IV from the duché of Norway , be honored to talk to his slave . 
DEBUG:eliza:Input: ['His', 'highness', 'is', 'called', 'Erika', 'IV', 'from', 'the', 'duché', 'of', 'Norway', ',', 'be', 'honored', 'to', 'talk', 'to', 'his', 'slave', '.']
DEBUG:eliza:After pre-substitution: ['His', 'highness', 'is', 'called', 'Erika', 'IV', 'from', 'the', 'duché', 'of', 'Norway', ',', 'be', 'honored', 'to', 'talk', 'to', 'his', 'slave', '.']
INFO:eliza:[('my', 1.52), ('was', 1.447), ('because', 0.776), ('can', 0.776), ('why', 0.757)]
DEBUG:eliza:[<eliza.Key object at 0x00000244FFDD8820>, <eliza.Key object at 0x00000244FF1CFE20>, <eliza.Key object at 0x00000244FFDD8B80>, <eliza.Key object at 0x00000244FFDD89A0>, <eliza.Key object at 0x00000244FFDD8C40>]
DEBUG:eliza:parts : ['*', '@my', '*'] | words : ['His', 'highness', 'is', 'called', 'Erika', 'IV', 'from', 'the', 'duché', 'of', 'Norway', ',', 'be', 'honored', 'to', 'talk', 'to', 'his', 'slave', '.'] | results : []
DEBUG:eliza:20
DEBUG:eliza:parts : ['@my', '*'] | words : [] | results : [['His', 'highness', 'is', 'called', 'Erika', 'IV', 'from', 'the', 'duché', 'of', 'Norway', ',', 'be', 'honored', 'to', 'talk', 'to', 'his', 'slave', '.']]
DEBUG:eliza:19
DEBUG:eliza:parts : ['@my', '*'] | words : ['.'] | results : [['His', 'highness', 'is', 'called', 'Erika', 'IV', 'from', 'the', 'duché', 'of', 'Norway', ',', 'be', 'honored', 'to', 'talk', 'to', 'his', 'slave']]
DEBUG:eliza:18
DEBUG:eliza:parts : ['@my', '*'] | words : ['slave', '.'] | results : [['His', 'highness', 'is', 'called', 'Erika', 'IV', 'from', 'the', 'duché', 'of', 'Norway', ',', 'be', 'honored', 'to', 'talk', 'to', 'his']]
DEBUG:eliza:17
DEBUG:eliza:parts : ['@my', '*'] | words : ['his', 'slave', '.'] | results : [['His', 'highness', 'is', 'called', 'Erika', 'IV', 'from', 'the', 'duché', 'of', 'Norway', ',', 'be', 'honored', 'to', 'talk', 'to']]
DEBUG:eliza:parts : ['*'] | words : ['slave', '.'] | results : [['His', 'highness', 'is', 'called', 'Erika', 'IV', 'from', 'the', 'duché', 'of', 'Norway', ',', 'be', 'honored', 'to', 'talk', 'to'], ['his']]
DEBUG:eliza:2
DEBUG:eliza:parts : [] | words : [] | results : [['His', 'highness', 'is', 'called', 'Erika', 'IV', 'from', 'the', 'duché', 'of', 'Norway', ',', 'be', 'honored', 'to', 'talk', 'to'], ['his'], ['slave', '.']]
DEBUG:eliza:Decomp matched: ['*', '@my', '*']
DEBUG:eliza:Decomp results: [['His', 'highness', 'is', 'called', 'Erika', 'IV', 'from', 'the', 'duché', 'of', 'Norway', ',', 'be', 'honored', 'to', 'talk', 'to'], ['his'], ['slave', '.']]
DEBUG:eliza:Decomp results after posts: [['His', 'highness', 'is', 'called', 'Erika', 'IV', 'from', 'the', 'duché', 'of', 'Norway', ',', 'be', 'honored', 'to', 'talk', 'to'], ['his'], ['slave', '.']]
DEBUG:eliza:index : 0 | result : ['Lets', 'discuss', 'further', 'why', 'your', '(3)', '.'] | index % len(decomp.reasmbs) : 0
DEBUG:eliza:Using reassembly: ['Lets', 'discuss', 'further', 'why', 'your', '(3)', '.']
DEBUG:eliza:['Lets', 'discuss', 'further', 'why', 'your', '(3)', '.'] | [['His', 'highness', 'is', 'called', 'Erika', 'IV', 'from', 'the', 'duché', 'of', 'Norway', ',', 'be', 'honored', 'to', 'talk', 'to'], ['his'], ['slave', '.']]
INFO:eliza:Saved to memory: ['Lets', 'discuss', 'further', 'why', 'your', 'slave', '.']
DEBUG:eliza:parts : ['*', '@my', '*', '@family', '*'] | words : ['His', 'highness', 'is', 'called', 'Erika', 'IV', 'from', 'the', 'duché', 'of', 'Norway', ',', 'be', 'honored', 'to', 'talk', 'to', 'his', 'slave', '.'] | results : []
DEBUG:eliza:20
DEBUG:eliza:parts : ['@my', '*', '@family', '*'] | words : [] | results : [['His', 'highness', 'is', 'called', 'Erika', 'IV', 'from', 'the', 'duché', 'of', 'Norway', ',', 'be', 'honored', 'to', 'talk', 'to', 'his', 'slave', '.']]
DEBUG:eliza:19
DEBUG:eliza:parts : ['@my', '*', '@family', '*'] | words : ['.'] | results : [['His', 'highness', 'is', 'called', 'Erika', 'IV', 'from', 'the', 'duché', 'of', 'Norway', ',', 'be', 'honored', 'to', 'talk', 'to', 'his', 'slave']]
DEBUG:eliza:18
DEBUG:eliza:parts : ['@my', '*', '@family', '*'] | words : ['slave', '.'] | results : [['His', 'highness', 'is', 'called', 'Erika', 'IV', 'from', 'the', 'duché', 'of', 'Norway', ',', 'be', 'honored', 'to', 'talk', 'to', 'his']]
DEBUG:eliza:17
DEBUG:eliza:parts : ['@my', '*', '@family', '*'] | words : ['his', 'slave', '.'] | results : [['His', 'highness', 'is', 'called', 'Erika', 'IV', 'from', 'the', 'duché', 'of', 'Norway', ',', 'be', 'honored', 'to', 'talk', 'to']]
DEBUG:eliza:parts : ['*', '@family', '*'] | words : ['slave', '.'] | results : [['His', 'highness', 'is', 'called', 'Erika', 'IV', 'from', 'the', 'duché', 'of', 'Norway', ',', 'be', 'honored', 'to', 'talk', 'to'], ['his']]
DEBUG:eliza:2
DEBUG:eliza:parts : ['@family', '*'] | words : [] | results : [['His', 'highness', 'is', 'called', 'Erika', 'IV', 'from', 'the', 'duché', 'of', 'Norway', ',', 'be', 'honored', 'to', 'talk', 'to'], ['his'], ['slave', '.']]
DEBUG:eliza:1
DEBUG:eliza:parts : ['@family', '*'] | words : ['.'] | results : [['His', 'highness', 'is', 'called', 'Erika', 'IV', 'from', 'the', 'duché', 'of', 'Norway', ',', 'be', 'honored', 'to', 'talk', 'to'], ['his'], ['slave']]
DEBUG:eliza:0
DEBUG:eliza:parts : ['@family', '*'] | words : ['slave', '.'] | results : [['His', 'highness', 'is', 'called', 'Erika', 'IV', 'from', 'the', 'duché', 'of', 'Norway', ',', 'be', 'honored', 'to', 'talk', 'to'], ['his'], []]
DEBUG:eliza:16
DEBUG:eliza:parts : ['@my', '*', '@family', '*'] | words : ['to', 'his', 'slave', '.'] | results : [['His', 'highness', 'is', 'called', 'Erika', 'IV', 'from', 'the', 'duché', 'of', 'Norway', ',', 'be', 'honored', 'to', 'talk', 'to'], ['His', 'highness', 'is', 'called', 'Erika', 'IV', 'from', 'the', 'duché', 'of', 'Norway', ',', 'be', 'honored', 'to', 'talk']]
DEBUG:eliza:15
DEBUG:eliza:parts : ['@my', '*', '@family', '*'] | words : ['talk', 'to', 'his', 'slave', '.'] | results : [['His', 'highness', 'is', 'called', 'Erika', 'IV', 'from', 'the', 'duché', 'of', 'Norway', ',', 'be', 'honored', 'to', 'talk', 'to'], ['His', 'highness', 'is', 'called', 'Erika', 'IV', 'from', 'the', 'duché', 'of', 'Norway', ',', 'be', 'honored', 'to']]
DEBUG:eliza:14
DEBUG:eliza:parts : ['@my', '*', '@family', '*'] | words : ['to', 'talk', 'to', 'his', 'slave', '.'] | results : [['His', 'highness', 'is', 'called', 'Erika', 'IV', 'from', 'the', 'duché', 'of', 'Norway', ',', 'be', 'honored', 'to', 'talk', 'to'], ['His', 'highness', 'is', 'called', 'Erika', 'IV', 'from', 'the', 'duché', 'of', 'Norway', ',', 'be', 'honored']]
DEBUG:eliza:13
DEBUG:eliza:parts : ['@my', '*', '@family', '*'] | words : ['honored', 'to', 'talk', 'to', 'his', 'slave', '.'] | results : [['His', 'highness', 'is', 'called', 'Erika', 'IV', 'from', 'the', 'duché', 'of', 'Norway', ',', 'be', 'honored', 'to', 'talk', 'to'], ['His', 'highness', 'is', 'called', 'Erika', 'IV', 'from', 'the', 'duché', 'of', 'Norway', ',', 'be']]
DEBUG:eliza:12
DEBUG:eliza:parts : ['@my', '*', '@family', '*'] | words : ['be', 'honored', 'to', 'talk', 'to', 'his', 'slave', '.'] | results : [['His', 'highness', 'is', 'called', 'Erika', 'IV', 'from', 'the', 'duché', 'of', 'Norway', ',', 'be', 'honored', 'to', 'talk', 'to'], ['His', 'highness', 'is', 'called', 'Erika', 'IV', 'from', 'the', 'duché', 'of', 'Norway', ',']]
DEBUG:eliza:11
DEBUG:eliza:parts : ['@my', '*', '@family', '*'] | words : [',', 'be', 'honored', 'to', 'talk', 'to', 'his', 'slave', '.'] | results : [['His', 'highness', 'is', 'called', 'Erika', 'IV', 'from', 'the', 'duché', 'of', 'Norway', ',', 'be', 'honored', 'to', 'talk', 'to'], ['His', 'highness', 'is', 'called', 'Erika', 'IV', 'from', 'the', 'duché', 'of', 'Norway']]
DEBUG:eliza:10
DEBUG:eliza:parts : ['@my', '*', '@family', '*'] | words : ['Norway', ',', 'be', 'honored', 'to', 'talk', 'to', 'his', 'slave', '.'] | results : [['His', 'highness', 'is', 'called', 'Erika', 'IV', 'from', 'the', 'duché', 'of', 'Norway', ',', 'be', 'honored', 'to', 'talk', 'to'], ['His', 'highness', 'is', 'called', 'Erika', 'IV', 'from', 'the', 'duché', 'of']]
DEBUG:eliza:9
DEBUG:eliza:parts : ['@my', '*', '@family', '*'] | words : ['of', 'Norway', ',', 'be', 'honored', 'to', 'talk', 'to', 'his', 'slave', '.'] | results : [['His', 'highness', 'is', 'called', 'Erika', 'IV', 'from', 'the', 'duché', 'of', 'Norway', ',', 'be', 'honored', 'to', 'talk', 'to'], ['His', 'highness', 'is', 'called', 'Erika', 'IV', 'from', 'the', 'duché']]
DEBUG:eliza:8
DEBUG:eliza:parts : ['@my', '*', '@family', '*'] | words : ['duché', 'of', 'Norway', ',', 'be', 'honored', 'to', 'talk', 'to', 'his', 'slave', '.'] | results : [['His', 'highness', 'is', 'called', 'Erika', 'IV', 'from', 'the', 'duché', 'of', 'Norway', ',', 'be', 'honored', 'to', 'talk', 'to'], ['His', 'highness', 'is', 'called', 'Erika', 'IV', 'from', 'the']]
DEBUG:eliza:7
DEBUG:eliza:parts : ['@my', '*', '@family', '*'] | words : ['the', 'duché', 'of', 'Norway', ',', 'be', 'honored', 'to', 'talk', 'to', 'his', 'slave', '.'] | results : [['His', 'highness', 'is', 'called', 'Erika', 'IV', 'from', 'the', 'duché', 'of', 'Norway', ',', 'be', 'honored', 'to', 'talk', 'to'], ['His', 'highness', 'is', 'called', 'Erika', 'IV', 'from']]
DEBUG:eliza:6
DEBUG:eliza:parts : ['@my', '*', '@family', '*'] | words : ['from', 'the', 'duché', 'of', 'Norway', ',', 'be', 'honored', 'to', 'talk', 'to', 'his', 'slave', '.'] | results : [['His', 'highness', 'is', 'called', 'Erika', 'IV', 'from', 'the', 'duché', 'of', 'Norway', ',', 'be', 'honored', 'to', 'talk', 'to'], ['His', 'highness', 'is', 'called', 'Erika', 'IV']]
DEBUG:eliza:5
DEBUG:eliza:parts : ['@my', '*', '@family', '*'] | words : ['IV', 'from', 'the', 'duché', 'of', 'Norway', ',', 'be', 'honored', 'to', 'talk', 'to', 'his', 'slave', '.'] | results : [['His', 'highness', 'is', 'called', 'Erika', 'IV', 'from', 'the', 'duché', 'of', 'Norway', ',', 'be', 'honored', 'to', 'talk', 'to'], ['His', 'highness', 'is', 'called', 'Erika']]
DEBUG:eliza:4
DEBUG:eliza:parts : ['@my', '*', '@family', '*'] | words : ['Erika', 'IV', 'from', 'the', 'duché', 'of', 'Norway', ',', 'be', 'honored', 'to', 'talk', 'to', 'his', 'slave', '.'] | results : [['His', 'highness', 'is', 'called', 'Erika', 'IV', 'from', 'the', 'duché', 'of', 'Norway', ',', 'be', 'honored', 'to', 'talk', 'to'], ['His', 'highness', 'is', 'called']]
DEBUG:eliza:3
DEBUG:eliza:parts : ['@my', '*', '@family', '*'] | words : ['called', 'Erika', 'IV', 'from', 'the', 'duché', 'of', 'Norway', ',', 'be', 'honored', 'to', 'talk', 'to', 'his', 'slave', '.'] | results : [['His', 'highness', 'is', 'called', 'Erika', 'IV', 'from', 'the', 'duché', 'of', 'Norway', ',', 'be', 'honored', 'to', 'talk', 'to'], ['His', 'highness', 'is']]
DEBUG:eliza:2
DEBUG:eliza:parts : ['@my', '*', '@family', '*'] | words : ['is', 'called', 'Erika', 'IV', 'from', 'the', 'duché', 'of', 'Norway', ',', 'be', 'honored', 'to', 'talk', 'to', 'his', 'slave', '.'] | results : [['His', 'highness', 'is', 'called', 'Erika', 'IV', 'from', 'the', 'duché', 'of', 'Norway', ',', 'be', 'honored', 'to', 'talk', 'to'], ['His', 'highness']]
DEBUG:eliza:1
DEBUG:eliza:parts : ['@my', '*', '@family', '*'] | words : ['highness', 'is', 'called', 'Erika', 'IV', 'from', 'the', 'duché', 'of', 'Norway', ',', 'be', 'honored', 'to', 'talk', 'to', 'his', 'slave', '.'] | results : [['His', 'highness', 'is', 'called', 'Erika', 'IV', 'from', 'the', 'duché', 'of', 'Norway', ',', 'be', 'honored', 'to', 'talk', 'to'], ['His']]
DEBUG:eliza:0
DEBUG:eliza:parts : ['@my', '*', '@family', '*'] | words : ['His', 'highness', 'is', 'called', 'Erika', 'IV', 'from', 'the', 'duché', 'of', 'Norway', ',', 'be', 'honored', 'to', 'talk', 'to', 'his', 'slave', '.'] | results : [['His', 'highness', 'is', 'called', 'Erika', 'IV', 'from', 'the', 'duché', 'of', 'Norway', ',', 'be', 'honored', 'to', 'talk', 'to'], []]
DEBUG:eliza:Decomp did not match: ['*', '@my', '*', '@family', '*']
DEBUG:eliza:parts : ['*', '@my', '*'] | words : ['His', 'highness', 'is', 'called', 'Erika', 'IV', 'from', 'the', 'duché', 'of', 'Norway', ',', 'be', 'honored', 'to', 'talk', 'to', 'his', 'slave', '.'] | results : []
DEBUG:eliza:20
DEBUG:eliza:parts : ['@my', '*'] | words : [] | results : [['His', 'highness', 'is', 'called', 'Erika', 'IV', 'from', 'the', 'duché', 'of', 'Norway', ',', 'be', 'honored', 'to', 'talk', 'to', 'his', 'slave', '.']]
DEBUG:eliza:19
DEBUG:eliza:parts : ['@my', '*'] | words : ['.'] | results : [['His', 'highness', 'is', 'called', 'Erika', 'IV', 'from', 'the', 'duché', 'of', 'Norway', ',', 'be', 'honored', 'to', 'talk', 'to', 'his', 'slave']]
DEBUG:eliza:18
DEBUG:eliza:parts : ['@my', '*'] | words : ['slave', '.'] | results : [['His', 'highness', 'is', 'called', 'Erika', 'IV', 'from', 'the', 'duché', 'of', 'Norway', ',', 'be', 'honored', 'to', 'talk', 'to', 'his']]
DEBUG:eliza:17
DEBUG:eliza:parts : ['@my', '*'] | words : ['his', 'slave', '.'] | results : [['His', 'highness', 'is', 'called', 'Erika', 'IV', 'from', 'the', 'duché', 'of', 'Norway', ',', 'be', 'honored', 'to', 'talk', 'to']]
DEBUG:eliza:parts : ['*'] | words : ['slave', '.'] | results : [['His', 'highness', 'is', 'called', 'Erika', 'IV', 'from', 'the', 'duché', 'of', 'Norway', ',', 'be', 'honored', 'to', 'talk', 'to'], ['his']]
DEBUG:eliza:2
DEBUG:eliza:parts : [] | words : [] | results : [['His', 'highness', 'is', 'called', 'Erika', 'IV', 'from', 'the', 'duché', 'of', 'Norway', ',', 'be', 'honored', 'to', 'talk', 'to'], ['his'], ['slave', '.']]
DEBUG:eliza:Decomp matched: ['*', '@my', '*']
DEBUG:eliza:Decomp results: [['His', 'highness', 'is', 'called', 'Erika', 'IV', 'from', 'the', 'duché', 'of', 'Norway', ',', 'be', 'honored', 'to', 'talk', 'to'], ['his'], ['slave', '.']]
DEBUG:eliza:Decomp results after posts: [['His', 'highness', 'is', 'called', 'Erika', 'IV', 'from', 'the', 'duché', 'of', 'Norway', ',', 'be', 'honored', 'to', 'talk', 'to'], ['his'], ['slave', '.']]
DEBUG:eliza:index : 0 | result : ['Your', '(3)', '?'] | index % len(decomp.reasmbs) : 0
DEBUG:eliza:Using reassembly: ['Your', '(3)', '?']
DEBUG:eliza:['Your', '(3)', '?'] | [['His', 'highness', 'is', 'called', 'Erika', 'IV', 'from', 'the', 'duché', 'of', 'Norway', ',', 'be', 'honored', 'to', 'talk', 'to'], ['his'], ['slave', '.']]
INFO:eliza:Decomp matched: ['*', '@my', '*']
INFO:eliza:Reasmb match : ['Your', '(3)', '?']
DEBUG:eliza:Output from key: ['Your', 'slave', '?']
DEBUG:eliza:After punctuation cleanup: Like i said no one can attack Erika IV without going over my body
DEBUG:eliza:Input: ['Like', 'i', 'said', 'no', 'one', 'can', 'attack', 'Erika', 'IV', 'without', 'going', 'over', 'my', 'body']
DEBUG:eliza:After pre-substitution: ['Like', 'i', 'said', 'no', 'one', 'can', 'attack', 'Erika', 'IV', 'without', 'going', 'over', 'my', 'body']
INFO:eliza:[('like', 10.0), ('my', 2.0), ('i', 1.0), ('can', 1.0), ('you', 0.865), ('no', 0.843), ('because', 0.717)]
DEBUG:eliza:[<eliza.Key object at 0x00000244FFDD9240>, <eliza.Key object at 0x00000244FFDD8820>, <eliza.Key object at 0x00000244FF1CFFA0>, <eliza.Key object at 0x00000244FFDD89A0>, <eliza.Key object at 0x00000244FFDD84C0>, <eliza.Key object at 0x00000244FFDD8760>, <eliza.Key object at 0x00000244FFDD8B80>]
DEBUG:eliza:parts : ['*', '@be', '*', '@like', '*'] | words : ['Like', 'i', 'said', 'no', 'one', 'can', 'attack', 'Erika', 'IV', 'without', 'going', 'over', 'my', 'body'] | results : []
DEBUG:eliza:14
DEBUG:eliza:parts : ['@be', '*', '@like', '*'] | words : [] | results : [['Like', 'i', 'said', 'no', 'one', 'can', 'attack', 'Erika', 'IV', 'without', 'going', 'over', 'my', 'body']]
DEBUG:eliza:13
DEBUG:eliza:parts : ['@be', '*', '@like', '*'] | words : ['body'] | results : [['Like', 'i', 'said', 'no', 'one', 'can', 'attack', 'Erika', 'IV', 'without', 'going', 'over', 'my']]
DEBUG:eliza:12
DEBUG:eliza:parts : ['@be', '*', '@like', '*'] | words : ['my', 'body'] | results : [['Like', 'i', 'said', 'no', 'one', 'can', 'attack', 'Erika', 'IV', 'without', 'going', 'over']]
DEBUG:eliza:11
DEBUG:eliza:parts : ['@be', '*', '@like', '*'] | words : ['over', 'my', 'body'] | results : [['Like', 'i', 'said', 'no', 'one', 'can', 'attack', 'Erika', 'IV', 'without', 'going']]
DEBUG:eliza:10
DEBUG:eliza:parts : ['@be', '*', '@like', '*'] | words : ['going', 'over', 'my', 'body'] | results : [['Like', 'i', 'said', 'no', 'one', 'can', 'attack', 'Erika', 'IV', 'without']]
DEBUG:eliza:9
DEBUG:eliza:parts : ['@be', '*', '@like', '*'] | words : ['without', 'going', 'over', 'my', 'body'] | results : [['Like', 'i', 'said', 'no', 'one', 'can', 'attack', 'Erika', 'IV']]
DEBUG:eliza:8
DEBUG:eliza:parts : ['@be', '*', '@like', '*'] | words : ['IV', 'without', 'going', 'over', 'my', 'body'] | results : [['Like', 'i', 'said', 'no', 'one', 'can', 'attack', 'Erika']]
DEBUG:eliza:7
DEBUG:eliza:parts : ['@be', '*', '@like', '*'] | words : ['Erika', 'IV', 'without', 'going', 'over', 'my', 'body'] | results : [['Like', 'i', 'said', 'no', 'one', 'can', 'attack']]
DEBUG:eliza:6
DEBUG:eliza:parts : ['@be', '*', '@like', '*'] | words : ['attack', 'Erika', 'IV', 'without', 'going', 'over', 'my', 'body'] | results : [['Like', 'i', 'said', 'no', 'one', 'can']]
DEBUG:eliza:5
DEBUG:eliza:parts : ['@be', '*', '@like', '*'] | words : ['can', 'attack', 'Erika', 'IV', 'without', 'going', 'over', 'my', 'body'] | results : [['Like', 'i', 'said', 'no', 'one']]
DEBUG:eliza:4
DEBUG:eliza:parts : ['@be', '*', '@like', '*'] | words : ['one', 'can', 'attack', 'Erika', 'IV', 'without', 'going', 'over', 'my', 'body'] | results : [['Like', 'i', 'said', 'no']]
DEBUG:eliza:3
DEBUG:eliza:parts : ['@be', '*', '@like', '*'] | words : ['no', 'one', 'can', 'attack', 'Erika', 'IV', 'without', 'going', 'over', 'my', 'body'] | results : [['Like', 'i', 'said']]
DEBUG:eliza:2
DEBUG:eliza:parts : ['@be', '*', '@like', '*'] | words : ['said', 'no', 'one', 'can', 'attack', 'Erika', 'IV', 'without', 'going', 'over', 'my', 'body'] | results : [['Like', 'i']]
DEBUG:eliza:1
DEBUG:eliza:parts : ['@be', '*', '@like', '*'] | words : ['i', 'said', 'no', 'one', 'can', 'attack', 'Erika', 'IV', 'without', 'going', 'over', 'my', 'body'] | results : [['Like']]
DEBUG:eliza:0
DEBUG:eliza:parts : ['@be', '*', '@like', '*'] | words : ['Like', 'i', 'said', 'no', 'one', 'can', 'attack', 'Erika', 'IV', 'without', 'going', 'over', 'my', 'body'] | results : [[]]
DEBUG:eliza:Decomp did not match: ['*', '@be', '*', '@like', '*']
DEBUG:eliza:parts : ['*', '@my', '*'] | words : ['Like', 'i', 'said', 'no', 'one', 'can', 'attack', 'Erika', 'IV', 'without', 'going', 'over', 'my', 'body'] | results : []
DEBUG:eliza:14
DEBUG:eliza:parts : ['@my', '*'] | words : [] | results : [['Like', 'i', 'said', 'no', 'one', 'can', 'attack', 'Erika', 'IV', 'without', 'going', 'over', 'my', 'body']]
DEBUG:eliza:13
DEBUG:eliza:parts : ['@my', '*'] | words : ['body'] | results : [['Like', 'i', 'said', 'no', 'one', 'can', 'attack', 'Erika', 'IV', 'without', 'going', 'over', 'my']]
DEBUG:eliza:12
DEBUG:eliza:parts : ['@my', '*'] | words : ['my', 'body'] | results : [['Like', 'i', 'said', 'no', 'one', 'can', 'attack', 'Erika', 'IV', 'without', 'going', 'over']]
DEBUG:eliza:parts : ['*'] | words : ['body'] | results : [['Like', 'i', 'said', 'no', 'one', 'can', 'attack', 'Erika', 'IV', 'without', 'going', 'over'], ['my']]
DEBUG:eliza:1
DEBUG:eliza:parts : [] | words : [] | results : [['Like', 'i', 'said', 'no', 'one', 'can', 'attack', 'Erika', 'IV', 'without', 'going', 'over'], ['my'], ['body']]
DEBUG:eliza:Decomp matched: ['*', '@my', '*']
DEBUG:eliza:Decomp results: [['Like', 'i', 'said', 'no', 'one', 'can', 'attack', 'Erika', 'IV', 'without', 'going', 'over'], ['my'], ['body']]
DEBUG:eliza:Decomp results after posts: [['Like', 'you', 'said', 'no', 'one', 'can', 'attack', 'Erika', 'IV', 'without', 'going', 'over'], ['your'], ['body']]
DEBUG:eliza:index : 1 | result : ['Earlier', 'you', 'said', 'your', '(3)', '.'] | index % len(decomp.reasmbs) : 1
DEBUG:eliza:Using reassembly: ['Earlier', 'you', 'said', 'your', '(3)', '.']
DEBUG:eliza:['Earlier', 'you', 'said', 'your', '(3)', '.'] | [['Like', 'you', 'said', 'no', 'one', 'can', 'attack', 'Erika', 'IV', 'without', 'going', 'over'], ['your'], ['body']]
INFO:eliza:Saved to memory: ['Earlier', 'you', 'said', 'your', 'body', '.']
DEBUG:eliza:parts : ['*', '@my', '*', '@family', '*'] | words : ['Like', 'i', 'said', 'no', 'one', 'can', 'attack', 'Erika', 'IV', 'without', 'going', 'over', 'my', 'body'] | results : []
DEBUG:eliza:14
DEBUG:eliza:parts : ['@my', '*', '@family', '*'] | words : [] | results : [['Like', 'i', 'said', 'no', 'one', 'can', 'attack', 'Erika', 'IV', 'without', 'going', 'over', 'my', 'body']]
DEBUG:eliza:13
DEBUG:eliza:parts : ['@my', '*', '@family', '*'] | words : ['body'] | results : [['Like', 'i', 'said', 'no', 'one', 'can', 'attack', 'Erika', 'IV', 'without', 'going', 'over', 'my']]
DEBUG:eliza:12
DEBUG:eliza:parts : ['@my', '*', '@family', '*'] | words : ['my', 'body'] | results : [['Like', 'i', 'said', 'no', 'one', 'can', 'attack', 'Erika', 'IV', 'without', 'going', 'over']]
DEBUG:eliza:parts : ['*', '@family', '*'] | words : ['body'] | results : [['Like', 'i', 'said', 'no', 'one', 'can', 'attack', 'Erika', 'IV', 'without', 'going', 'over'], ['my']]
DEBUG:eliza:1
DEBUG:eliza:parts : ['@family', '*'] | words : [] | results : [['Like', 'i', 'said', 'no', 'one', 'can', 'attack', 'Erika', 'IV', 'without', 'going', 'over'], ['my'], ['body']]
DEBUG:eliza:0
DEBUG:eliza:parts : ['@family', '*'] | words : ['body'] | results : [['Like', 'i', 'said', 'no', 'one', 'can', 'attack', 'Erika', 'IV', 'without', 'going', 'over'], ['my'], []]
DEBUG:eliza:11
DEBUG:eliza:parts : ['@my', '*', '@family', '*'] | words : ['over', 'my', 'body'] | results : [['Like', 'i', 'said', 'no', 'one', 'can', 'attack', 'Erika', 'IV', 'without', 'going', 'over'], ['Like', 'i', 'said', 'no', 'one', 'can', 'attack', 'Erika', 'IV', 'without', 'going']]
DEBUG:eliza:10
DEBUG:eliza:parts : ['@my', '*', '@family', '*'] | words : ['going', 'over', 'my', 'body'] | results : [['Like', 'i', 'said', 'no', 'one', 'can', 'attack', 'Erika', 'IV', 'without', 'going', 'over'], ['Like', 'i', 'said', 'no', 'one', 'can', 'attack', 'Erika', 'IV', 'without']]
DEBUG:eliza:parts : ['*', '@family', '*'] | words : ['over', 'my', 'body'] | results : [['Like', 'i', 'said', 'no', 'one', 'can', 'attack', 'Erika', 'IV', 'without', 'going', 'over'], ['Like', 'i', 'said', 'no', 'one', 'can', 'attack', 'Erika', 'IV', 'without'], ['going']]
DEBUG:eliza:3
DEBUG:eliza:parts : ['@family', '*'] | words : [] | results : [['Like', 'i', 'said', 'no', 'one', 'can', 'attack', 'Erika', 'IV', 'without', 'going', 'over'], ['Like', 'i', 'said', 'no', 'one', 'can', 'attack', 'Erika', 'IV', 'without'], ['going'], ['over', 'my', 'body']]
DEBUG:eliza:2
DEBUG:eliza:parts : ['@family', '*'] | words : ['body'] | results : [['Like', 'i', 'said', 'no', 'one', 'can', 'attack', 'Erika', 'IV', 'without', 'going', 'over'], ['Like', 'i', 'said', 'no', 'one', 'can', 'attack', 'Erika', 'IV', 'without'], ['going'], ['over', 'my']]
DEBUG:eliza:1
DEBUG:eliza:parts : ['@family', '*'] | words : ['my', 'body'] | results : [['Like', 'i', 'said', 'no', 'one', 'can', 'attack', 'Erika', 'IV', 'without', 'going', 'over'], ['Like', 'i', 'said', 'no', 'one', 'can', 'attack', 'Erika', 'IV', 'without'], ['going'], ['over']]
DEBUG:eliza:0
DEBUG:eliza:parts : ['@family', '*'] | words : ['over', 'my', 'body'] | results : [['Like', 'i', 'said', 'no', 'one', 'can', 'attack', 'Erika', 'IV', 'without', 'going', 'over'], ['Like', 'i', 'said', 'no', 'one', 'can', 'attack', 'Erika', 'IV', 'without'], ['going'], []]
DEBUG:eliza:9
DEBUG:eliza:parts : ['@my', '*', '@family', '*'] | words : ['without', 'going', 'over', 'my', 'body'] | results : [['Like', 'i', 'said', 'no', 'one', 'can', 'attack', 'Erika', 'IV', 'without', 'going', 'over'], ['Like', 'i', 'said', 'no', 'one', 'can', 'attack', 'Erika', 'IV', 'without'], ['Like', 'i', 'said', 'no', 'one', 'can', 'attack', 'Erika', 'IV']]
DEBUG:eliza:8
DEBUG:eliza:parts : ['@my', '*', '@family', '*'] | words : ['IV', 'without', 'going', 'over', 'my', 'body'] | results : [['Like', 'i', 'said', 'no', 'one', 'can', 'attack', 'Erika', 'IV', 'without', 'going', 'over'], ['Like', 'i', 'said', 'no', 'one', 'can', 'attack', 'Erika', 'IV', 'without'], ['Like', 'i', 'said', 'no', 'one', 'can', 'attack', 'Erika']]
DEBUG:eliza:7
DEBUG:eliza:parts : ['@my', '*', '@family', '*'] | words : ['Erika', 'IV', 'without', 'going', 'over', 'my', 'body'] | results : [['Like', 'i', 'said', 'no', 'one', 'can', 'attack', 'Erika', 'IV', 'without', 'going', 'over'], ['Like', 'i', 'said', 'no', 'one', 'can', 'attack', 'Erika', 'IV', 'without'], ['Like', 'i', 'said', 'no', 'one', 'can', 'attack']]
DEBUG:eliza:6
DEBUG:eliza:parts : ['@my', '*', '@family', '*'] | words : ['attack', 'Erika', 'IV', 'without', 'going', 'over', 'my', 'body'] | results : [['Like', 'i', 'said', 'no', 'one', 'can', 'attack', 'Erika', 'IV', 'without', 'going', 'over'], ['Like', 'i', 'said', 'no', 'one', 'can', 'attack', 'Erika', 'IV', 'without'], ['Like', 'i', 'said', 'no', 'one', 'can']]
DEBUG:eliza:5
DEBUG:eliza:parts : ['@my', '*', '@family', '*'] | words : ['can', 'attack', 'Erika', 'IV', 'without', 'going', 'over', 'my', 'body'] | results : [['Like', 'i', 'said', 'no', 'one', 'can', 'attack', 'Erika', 'IV', 'without', 'going', 'over'], ['Like', 'i', 'said', 'no', 'one', 'can', 'attack', 'Erika', 'IV', 'without'], ['Like', 'i', 'said', 'no', 'one']]
DEBUG:eliza:4
DEBUG:eliza:parts : ['@my', '*', '@family', '*'] | words : ['one', 'can', 'attack', 'Erika', 'IV', 'without', 'going', 'over', 'my', 'body'] | results : [['Like', 'i', 'said', 'no', 'one', 'can', 'attack', 'Erika', 'IV', 'without', 'going', 'over'], ['Like', 'i', 'said', 'no', 'one', 'can', 'attack', 'Erika', 'IV', 'without'], ['Like', 'i', 'said', 'no']]
DEBUG:eliza:3
DEBUG:eliza:parts : ['@my', '*', '@family', '*'] | words : ['no', 'one', 'can', 'attack', 'Erika', 'IV', 'without', 'going', 'over', 'my', 'body'] | results : [['Like', 'i', 'said', 'no', 'one', 'can', 'attack', 'Erika', 'IV', 'without', 'going', 'over'], ['Like', 'i', 'said', 'no', 'one', 'can', 'attack', 'Erika', 'IV', 'without'], ['Like', 'i', 'said']]
DEBUG:eliza:2
DEBUG:eliza:parts : ['@my', '*', '@family', '*'] | words : ['said', 'no', 'one', 'can', 'attack', 'Erika', 'IV', 'without', 'going', 'over', 'my', 'body'] | results : [['Like', 'i', 'said', 'no', 'one', 'can', 'attack', 'Erika', 'IV', 'without', 'going', 'over'], ['Like', 'i', 'said', 'no', 'one', 'can', 'attack', 'Erika', 'IV', 'without'], ['Like', 'i']]
DEBUG:eliza:1
DEBUG:eliza:parts : ['@my', '*', '@family', '*'] | words : ['i', 'said', 'no', 'one', 'can', 'attack', 'Erika', 'IV', 'without', 'going', 'over', 'my', 'body'] | results : [['Like', 'i', 'said', 'no', 'one', 'can', 'attack', 'Erika', 'IV', 'without', 'going', 'over'], ['Like', 'i', 'said', 'no', 'one', 'can', 'attack', 'Erika', 'IV', 'without'], ['Like']]
DEBUG:eliza:parts : ['*', '@family', '*'] | words : ['said', 'no', 'one', 'can', 'attack', 'Erika', 'IV', 'without', 'going', 'over', 'my', 'body'] | results : [['Like', 'i', 'said', 'no', 'one', 'can', 'attack', 'Erika', 'IV', 'without', 'going', 'over'], ['Like', 'i', 'said', 'no', 'one', 'can', 'attack', 'Erika', 'IV', 'without'], ['Like'], ['i']]
DEBUG:eliza:12
DEBUG:eliza:parts : ['@family', '*'] | words : [] | results : [['Like', 'i', 'said', 'no', 'one', 'can', 'attack', 'Erika', 'IV', 'without', 'going', 'over'], ['Like', 'i', 'said', 'no', 'one', 'can', 'attack', 'Erika', 'IV', 'without'], ['Like'], ['i'], ['said', 'no', 'one', 'can', 'attack', 'Erika', 'IV', 'without', 'going', 'over', 'my', 'body']]
DEBUG:eliza:11
DEBUG:eliza:parts : ['@family', '*'] | words : ['body'] | results : [['Like', 'i', 'said', 'no', 'one', 'can', 'attack', 'Erika', 'IV', 'without', 'going', 'over'], ['Like', 'i', 'said', 'no', 'one', 'can', 'attack', 'Erika', 'IV', 'without'], ['Like'], ['i'], ['said', 'no', 'one', 'can', 'attack', 'Erika', 'IV', 'without', 'going', 'over', 'my']]
DEBUG:eliza:10
DEBUG:eliza:parts : ['@family', '*'] | words : ['my', 'body'] | results : [['Like', 'i', 'said', 'no', 'one', 'can', 'attack', 'Erika', 'IV', 'without', 'going', 'over'], ['Like', 'i', 'said', 'no', 'one', 'can', 'attack', 'Erika', 'IV', 'without'], ['Like'], ['i'], ['said', 'no', 'one', 'can', 'attack', 'Erika', 'IV', 'without', 'going', 'over']]
DEBUG:eliza:9
DEBUG:eliza:parts : ['@family', '*'] | words : ['over', 'my', 'body'] | results : [['Like', 'i', 'said', 'no', 'one', 'can', 'attack', 'Erika', 'IV', 'without', 'going', 'over'], ['Like', 'i', 'said', 'no', 'one', 'can', 'attack', 'Erika', 'IV', 'without'], ['Like'], ['i'], ['said', 'no', 'one', 'can', 'attack', 'Erika', 'IV', 'without', 'going']]
DEBUG:eliza:8
DEBUG:eliza:parts : ['@family', '*'] | words : ['going', 'over', 'my', 'body'] | results : [['Like', 'i', 'said', 'no', 'one', 'can', 'attack', 'Erika', 'IV', 'without', 'going', 'over'], ['Like', 'i', 'said', 'no', 'one', 'can', 'attack', 'Erika', 'IV', 'without'], ['Like'], ['i'], ['said', 'no', 'one', 'can', 'attack', 'Erika', 'IV', 'without']]
DEBUG:eliza:7
DEBUG:eliza:parts : ['@family', '*'] | words : ['without', 'going', 'over', 'my', 'body'] | results : [['Like', 'i', 'said', 'no', 'one', 'can', 'attack', 'Erika', 'IV', 'without', 'going', 'over'], ['Like', 'i', 'said', 'no', 'one', 'can', 'attack', 'Erika', 'IV', 'without'], ['Like'], ['i'], ['said', 'no', 'one', 'can', 'attack', 'Erika', 'IV']]
DEBUG:eliza:6
DEBUG:eliza:parts : ['@family', '*'] | words : ['IV', 'without', 'going', 'over', 'my', 'body'] | results : [['Like', 'i', 'said', 'no', 'one', 'can', 'attack', 'Erika', 'IV', 'without', 'going', 'over'], ['Like', 'i', 'said', 'no', 'one', 'can', 'attack', 'Erika', 'IV', 'without'], ['Like'], ['i'], ['said', 'no', 'one', 'can', 'attack', 'Erika']]
DEBUG:eliza:5
DEBUG:eliza:parts : ['@family', '*'] | words : ['Erika', 'IV', 'without', 'going', 'over', 'my', 'body'] | results : [['Like', 'i', 'said', 'no', 'one', 'can', 'attack', 'Erika', 'IV', 'without', 'going', 'over'], ['Like', 'i', 'said', 'no', 'one', 'can', 'attack', 'Erika', 'IV', 'without'], ['Like'], ['i'], ['said', 'no', 'one', 'can', 'attack']]
DEBUG:eliza:4
DEBUG:eliza:parts : ['@family', '*'] | words : ['attack', 'Erika', 'IV', 'without', 'going', 'over', 'my', 'body'] | results : [['Like', 'i', 'said', 'no', 'one', 'can', 'attack', 'Erika', 'IV', 'without', 'going', 'over'], ['Like', 'i', 'said', 'no', 'one', 'can', 'attack', 'Erika', 'IV', 'without'], ['Like'], ['i'], ['said', 'no', 'one', 'can']]
DEBUG:eliza:3
DEBUG:eliza:parts : ['@family', '*'] | words : ['can', 'attack', 'Erika', 'IV', 'without', 'going', 'over', 'my', 'body'] | results : [['Like', 'i', 'said', 'no', 'one', 'can', 'attack', 'Erika', 'IV', 'without', 'going', 'over'], ['Like', 'i', 'said', 'no', 'one', 'can', 'attack', 'Erika', 'IV', 'without'], ['Like'], ['i'], ['said', 'no', 'one']]
DEBUG:eliza:2
DEBUG:eliza:parts : ['@family', '*'] | words : ['one', 'can', 'attack', 'Erika', 'IV', 'without', 'going', 'over', 'my', 'body'] | results : [['Like', 'i', 'said', 'no', 'one', 'can', 'attack', 'Erika', 'IV', 'without', 'going', 'over'], ['Like', 'i', 'said', 'no', 'one', 'can', 'attack', 'Erika', 'IV', 'without'], ['Like'], ['i'], ['said', 'no']]
DEBUG:eliza:1
DEBUG:eliza:parts : ['@family', '*'] | words : ['no', 'one', 'can', 'attack', 'Erika', 'IV', 'without', 'going', 'over', 'my', 'body'] | results : [['Like', 'i', 'said', 'no', 'one', 'can', 'attack', 'Erika', 'IV', 'without', 'going', 'over'], ['Like', 'i', 'said', 'no', 'one', 'can', 'attack', 'Erika', 'IV', 'without'], ['Like'], ['i'], ['said']]
DEBUG:eliza:0
DEBUG:eliza:parts : ['@family', '*'] | words : ['said', 'no', 'one', 'can', 'attack', 'Erika', 'IV', 'without', 'going', 'over', 'my', 'body'] | results : [['Like', 'i', 'said', 'no', 'one', 'can', 'attack', 'Erika', 'IV', 'without', 'going', 'over'], ['Like', 'i', 'said', 'no', 'one', 'can', 'attack', 'Erika', 'IV', 'without'], ['Like'], ['i'], []]
DEBUG:eliza:0
DEBUG:eliza:parts : ['@my', '*', '@family', '*'] | words : ['Like', 'i', 'said', 'no', 'one', 'can', 'attack', 'Erika', 'IV', 'without', 'going', 'over', 'my', 'body'] | results : [['Like', 'i', 'said', 'no', 'one', 'can', 'attack', 'Erika', 'IV', 'without', 'going', 'over'], ['Like', 'i', 'said', 'no', 'one', 'can', 'attack', 'Erika', 'IV', 'without'], ['Like'], []]
DEBUG:eliza:Decomp did not match: ['*', '@my', '*', '@family', '*']
DEBUG:eliza:parts : ['*', '@my', '*'] | words : ['Like', 'i', 'said', 'no', 'one', 'can', 'attack', 'Erika', 'IV', 'without', 'going', 'over', 'my', 'body'] | results : []
DEBUG:eliza:14
DEBUG:eliza:parts : ['@my', '*'] | words : [] | results : [['Like', 'i', 'said', 'no', 'one', 'can', 'attack', 'Erika', 'IV', 'without', 'going', 'over', 'my', 'body']]
DEBUG:eliza:13
DEBUG:eliza:parts : ['@my', '*'] | words : ['body'] | results : [['Like', 'i', 'said', 'no', 'one', 'can', 'attack', 'Erika', 'IV', 'without', 'going', 'over', 'my']]
DEBUG:eliza:12
DEBUG:eliza:parts : ['@my', '*'] | words : ['my', 'body'] | results : [['Like', 'i', 'said', 'no', 'one', 'can', 'attack', 'Erika', 'IV', 'without', 'going', 'over']]
DEBUG:eliza:parts : ['*'] | words : ['body'] | results : [['Like', 'i', 'said', 'no', 'one', 'can', 'attack', 'Erika', 'IV', 'without', 'going', 'over'], ['my']]
DEBUG:eliza:1
DEBUG:eliza:parts : [] | words : [] | results : [['Like', 'i', 'said', 'no', 'one', 'can', 'attack', 'Erika', 'IV', 'without', 'going', 'over'], ['my'], ['body']]
DEBUG:eliza:Decomp matched: ['*', '@my', '*']
DEBUG:eliza:Decomp results: [['Like', 'i', 'said', 'no', 'one', 'can', 'attack', 'Erika', 'IV', 'without', 'going', 'over'], ['my'], ['body']]
DEBUG:eliza:Decomp results after posts: [['Like', 'you', 'said', 'no', 'one', 'can', 'attack', 'Erika', 'IV', 'without', 'going', 'over'], ['your'], ['body']]
DEBUG:eliza:index : 1 | result : ['Why', 'do', 'you', 'say', 'your', '(3)', '?'] | index % len(decomp.reasmbs) : 1
DEBUG:eliza:Using reassembly: ['Why', 'do', 'you', 'say', 'your', '(3)', '?']
DEBUG:eliza:['Why', 'do', 'you', 'say', 'your', '(3)', '?'] | [['Like', 'you', 'said', 'no', 'one', 'can', 'attack', 'Erika', 'IV', 'without', 'going', 'over'], ['your'], ['body']]
INFO:eliza:Decomp matched: ['*', '@my', '*']
INFO:eliza:Reasmb match : ['Why', 'do', 'you', 'say', 'your', '(3)', '?']
DEBUG:eliza:Output from key: ['Why', 'do', 'you', 'say', 'your', 'body', '?']
INFO:eliza:Loading files...
INFO:eliza:Succes
INFO:eliza:Session du 2023/7/7 10:53:15
INFO:eliza:[('was', 2.0), ('i', 1.0), ('what', 0.881), ('because', 0.749), ('no', 0.721)]
INFO:eliza:Decomp matched: ['*', '@was', '@i', '*']
INFO:eliza:Reasmb match : ['What', 'if', 'you', 'were', '(4)', '?']
INFO:eliza:[('if', 2.195), ('was', 1.7), ('everybody', 1.415), ('yes', 1.0), ('i', 1.0), ('what', 0.881), ('why', 0.875), ('are', 0.85), ('you', 0.839), ('because', 0.719)]
INFO:eliza:Decomp matched: ['*', '@if', '*']
INFO:eliza:Reasmb match : ['Do', 'you', 'think', 'its', 'likely', 'that', '(3)', '?']
INFO:eliza:[('if', 2.324), ('my', 2.0), ('was', 2.0), ('everyone', 1.806), ('why', 1.0), ('you', 0.9), ('are', 0.878), ('what', 0.855), ('no', 0.809), ('can', 0.776), ('because', 0.776)]
INFO:eliza:Decomp matched: ['*', '@if', '*']
INFO:eliza:Reasmb match : ['Do', 'you', 'wish', 'that', '(3)', '?']
INFO:eliza:[('my', 1.52), ('was', 1.447), ('because', 0.776), ('can', 0.776), ('why', 0.757)]
INFO:eliza:Saved to memory: ['Lets', 'discuss', 'further', 'why', 'your', 'slave', '.']
INFO:eliza:Decomp matched: ['*', '@my', '*']
INFO:eliza:Reasmb match : ['Your', '(3)', '?']
INFO:eliza:[('like', 10.0), ('my', 2.0), ('i', 1.0), ('can', 1.0), ('you', 0.865), ('no', 0.843), ('because', 0.717)]
INFO:eliza:Saved to memory: ['Earlier', 'you', 'said', 'your', 'body', '.']
INFO:eliza:Decomp matched: ['*', '@my', '*']
INFO:eliza:Reasmb match : ['Why', 'do', 'you', 'say', 'your', '(3)', '?']
INFO:eliza:Loading files...
INFO:eliza:Succes
INFO:eliza:Session du 2023/7/7 10:58:31
INFO:eliza:[('i', 1.0), ('was', 1.0), ('what', 0.881), ('because', 0.749), ('no', 0.721)]
INFO:eliza:Decomp matched: ['*', '@i', '*', '@you', '*']
INFO:eliza:Reasmb match : ['Perhaps', 'in', 'your', 'fantasies', 'we', '(3)', 'each', 'other.']
INFO:eliza:Loading files...
INFO:eliza:Succes
INFO:eliza:Session du 2023/7/7 10:58:53
INFO:eliza:[('was', 2.0), ('i', 1.0), ('what', 0.881), ('because', 0.749), ('no', 0.721)]
INFO:eliza:Decomp matched: ['*', '@was', '@i', '*']
INFO:eliza:Reasmb match : ['What', 'if', 'you', 'were', '(4)', '?']
INFO:eliza:[('if', 2.195), ('was', 1.7), ('everybody', 1.415), ('yes', 1.0), ('i', 1.0), ('what', 0.881), ('why', 0.875), ('are', 0.85), ('you', 0.839), ('because', 0.719)]
INFO:eliza:Decomp matched: ['*', '@if', '*']
INFO:eliza:Reasmb match : ['Do', 'you', 'think', 'its', 'likely', 'that', '(3)', '?']
INFO:eliza:[('if', 2.324), ('my', 2.0), ('was', 2.0), ('everyone', 1.806), ('why', 1.0), ('you', 0.9), ('are', 0.878), ('what', 0.855), ('no', 0.809), ('can', 0.776), ('because', 0.776)]
INFO:eliza:Decomp matched: ['*', '@if', '*']
INFO:eliza:Reasmb match : ['Do', 'you', 'wish', 'that', '(3)', '?']
INFO:eliza:[('my', 1.52), ('was', 1.447), ('because', 0.776), ('can', 0.776), ('why', 0.757)]
INFO:eliza:Saved to memory: ['Lets', 'discuss', 'further', 'why', 'your', 'slave', '.']
INFO:eliza:Decomp matched: ['*', '@my', '*']
INFO:eliza:Reasmb match : ['Your', '(3)', '?']
INFO:eliza:[('like', 10.0), ('my', 2.0), ('i', 1.0), ('can', 1.0), ('you', 0.865), ('no', 0.843), ('because', 0.717)]
INFO:eliza:Saved to memory: ['Earlier', 'you', 'said', 'your', 'body', '.']
INFO:eliza:Decomp matched: ['*', '@my', '*']
INFO:eliza:Reasmb match : ['Why', 'do', 'you', 'say', 'your', '(3)', '?']
